Using pre-set license
Built from '2020.3/staging' branch; Version is '2020.3.32f1 (12f8b0834f07) revision 1243312'; Using compiler version '192528614'; Build Type 'Release'
OS: 'Windows 10  (10.0.19043) 64bit Core' Language: 'es' Physical Memory: 6019 MB
BatchMode: 1, IsHumanControllingUs: 0, StartBugReporterOnCrash: 0, Is64bit: 1, IsPro: 0

COMMAND LINE ARGUMENTS:
C:\Program Files\Unity\2020.3.32f1\Editor\Unity.exe
-adb2
-batchMode
-noUpm
-name
AssetImportWorker0
-projectPath
C:/Users/ALVARO/Downloads/practica_final_AlvaroPaniego
-logFile
Logs/AssetImportWorker0.log
-srvPort
50809
Successfully changed project path to: C:/Users/ALVARO/Downloads/practica_final_AlvaroPaniego
C:/Users/ALVARO/Downloads/practica_final_AlvaroPaniego
Using Asset Import Pipeline V2.
Refreshing native plugins compatible for Editor in 63.66 ms, found 2 plugins.
Preloading 0 native plugins for Editor in 0.00 ms.
Initialize engine version: 2020.3.32f1 (12f8b0834f07)
[Subsystems] Discovering subsystems at path C:/Program Files/Unity/2020.3.32f1/Editor/Data/Resources/UnitySubsystems
[Subsystems] Discovering subsystems at path C:/Users/ALVARO/Downloads/practica_final_AlvaroPaniego/Assets
GfxDevice: creating device client; threaded=0
Direct3D:
    Version:  Direct3D 11.0 [level 11.1]
    Renderer: AMD Radeon(TM) Graphics (ID=0x15d8)
    Vendor:   
    VRAM:     3009 MB
    Driver:   27.20.15026.11001
Initialize mono
Mono path[0] = 'C:/Program Files/Unity/2020.3.32f1/Editor/Data/Managed'
Mono path[1] = 'C:/Program Files/Unity/2020.3.32f1/Editor/Data/MonoBleedingEdge/lib/mono/unityjit'
Mono config path = 'C:/Program Files/Unity/2020.3.32f1/Editor/Data/MonoBleedingEdge/etc'
Using monoOptions --debugger-agent=transport=dt_socket,embedding=1,server=y,suspend=n,address=127.0.0.1:56164
Begin MonoManager ReloadAssembly
Registering precompiled unity dll's ...
Register platform support module: C:/Program Files/Unity/2020.3.32f1/Editor/Data/PlaybackEngines/WindowsStandaloneSupport/UnityEditor.WindowsStandalone.Extensions.dll
Registered in 0.003583 seconds.
Native extension for WindowsStandalone target not found
Refreshing native plugins compatible for Editor in 60.38 ms, found 2 plugins.
Preloading 0 native plugins for Editor in 0.00 ms.
Mono: successfully reloaded assembly
- Completed reload, in  1.094 seconds
Domain Reload Profiling:
	ReloadAssembly (1095ms)
		BeginReloadAssembly (130ms)
			ExecutionOrderSort (0ms)
			DisableScriptedObjects (0ms)
			BackupInstance (0ms)
			ReleaseScriptingObjects (0ms)
			CreateAndSetChildDomain (1ms)
		EndReloadAssembly (825ms)
			LoadAssemblies (125ms)
			RebuildTransferFunctionScriptingTraits (0ms)
			SetupTypeCache (276ms)
			ReleaseScriptCaches (0ms)
			RebuildScriptCaches (52ms)
			SetupLoadedEditorAssemblies (307ms)
				LogAssemblyErrors (0ms)
				InitializePlatformSupportModulesInManaged (8ms)
				SetLoadedEditorAssemblies (0ms)
				RefreshPlugins (61ms)
				BeforeProcessingInitializeOnLoad (31ms)
				ProcessInitializeOnLoadAttributes (154ms)
				ProcessInitializeOnLoadMethodAttributes (52ms)
				AfterProcessingInitializeOnLoad (0ms)
				EditorAssembliesLoaded (1ms)
			ExecutionOrderSort2 (0ms)
			AwakeInstancesAfterBackupRestoration (0ms)
Platform modules already initialized, skipping
Registering precompiled user dll's ...
Registered in 0.005577 seconds.
Begin MonoManager ReloadAssembly
Native extension for WindowsStandalone target not found
Refreshing native plugins compatible for Editor in 0.51 ms, found 2 plugins.
Preloading 0 native plugins for Editor in 0.00 ms.
Mono: successfully reloaded assembly
- Completed reload, in  1.965 seconds
Domain Reload Profiling:
	ReloadAssembly (1968ms)
		BeginReloadAssembly (281ms)
			ExecutionOrderSort (0ms)
			DisableScriptedObjects (10ms)
			BackupInstance (0ms)
			ReleaseScriptingObjects (0ms)
			CreateAndSetChildDomain (32ms)
		EndReloadAssembly (1566ms)
			LoadAssemblies (171ms)
			RebuildTransferFunctionScriptingTraits (0ms)
			SetupTypeCache (484ms)
			ReleaseScriptCaches (1ms)
			RebuildScriptCaches (71ms)
			SetupLoadedEditorAssemblies (618ms)
				LogAssemblyErrors (0ms)
				InitializePlatformSupportModulesInManaged (9ms)
				SetLoadedEditorAssemblies (1ms)
				RefreshPlugins (1ms)
				BeforeProcessingInitializeOnLoad (147ms)
				ProcessInitializeOnLoadAttributes (371ms)
				ProcessInitializeOnLoadMethodAttributes (67ms)
				AfterProcessingInitializeOnLoad (22ms)
				EditorAssembliesLoaded (1ms)
			ExecutionOrderSort2 (0ms)
			AwakeInstancesAfterBackupRestoration (28ms)
Platform modules already initialized, skipping
========================================================================
Worker process is ready to serve import requests
Launched and connected shader compiler UnityShaderCompiler.exe after 0.13 seconds
Refreshing native plugins compatible for Editor in 0.50 ms, found 2 plugins.
Preloading 0 native plugins for Editor in 0.00 ms.
Unloading 1524 Unused Serialized files (Serialized files now loaded: 0)
System memory in use before: 70.2 MB.
System memory in use after: 70.3 MB.

Unloading 16 unused Assets to reduce memory usage. Loaded Objects now: 1960.
Total: 6.531100 ms (FindLiveObjects: 1.211600 ms CreateObjectMapping: 0.062500 ms MarkObjects: 4.913200 ms  DeleteObjects: 0.341800 ms)

AssetImportParameters requested are different than current active one (requested -> active):
  custom:framework-win-MediaFoundation: 216162199b28c13a410421893ffa2e32 -> 
  custom:video-decoder-ogg-theora: a1e56fd34408186e4bbccfd4996cb3dc -> 
  custom:container-muxer-webm: aa71ff27fc2769a1b78a27578f13a17b -> 
  custom:container-demuxer-webm: 4f35f7cbe854078d1ac9338744f61a02 -> 
  custom:container-demuxer-ogg: 62fdf1f143b41e24485cea50d1cbac27 -> 
  custom:video-encoder-webm-vp8: eb34c28f22e8b96e1ab97ce403110664 -> 
  custom:video-decoder-webm-vp8: 9c59270c3fd7afecdb556c50c9e8de78 -> 
  custom:audio-decoder-ogg-vorbis: bf7c407c2cedff20999df2af8eb42d56 -> 
  custom:audio-encoder-webm-vorbis: bf7c407c2cedff20999df2af8eb42d56 -> 
========================================================================
Received Import Request.
  path: Assets/ExternalAssets/enemig.obj
  artifactKey: Guid(a684afc0f094dc549b2cd7341d81787e) Importer(815301076,1909f56bfc062723c751e8b465ee728b)
Start importing Assets/ExternalAssets/enemig.obj using Guid(a684afc0f094dc549b2cd7341d81787e) Importer(815301076,1909f56bfc062723c751e8b465ee728b)  -> (artifact id: '372dd3a1a37f0f39b6b3d141173a1d0f') in 0.649011 seconds 
========================================================================
Received Import Request.
  Time since last request: 0.000205 seconds.
  path: Assets/ExternalAssets/paleta_enemigo.png
  artifactKey: Guid(7ffb4046c82ae87499e532524e5c9f1a) Importer(815301076,1909f56bfc062723c751e8b465ee728b)
Start importing Assets/ExternalAssets/paleta_enemigo.png using Guid(7ffb4046c82ae87499e532524e5c9f1a) Importer(815301076,1909f56bfc062723c751e8b465ee728b)  -> (artifact id: '905c7b7ab67ad582e63d4287d9a02e9b') in 0.072983 seconds 
========================================================================
Received Import Request.
  Time since last request: 6.430412 seconds.
  path: Assets/MyAssets/Prefabs
  artifactKey: Guid(cced16ac0ded17e49a90045556bcb0f6) Importer(815301076,1909f56bfc062723c751e8b465ee728b)
Start importing Assets/MyAssets/Prefabs using Guid(cced16ac0ded17e49a90045556bcb0f6) Importer(815301076,1909f56bfc062723c751e8b465ee728b)  -> (artifact id: 'c377dfab2e598dad675df04262c81073') in 0.016254 seconds 
========================================================================
Received Import Request.
  Time since last request: 0.037674 seconds.
  path: Assets/MyAssets/Prefabs/Bullet.prefab
  artifactKey: Guid(60e4589384e839a49b5c0b501905f1d8) Importer(815301076,1909f56bfc062723c751e8b465ee728b)
Start importing Assets/MyAssets/Prefabs/Bullet.prefab using Guid(60e4589384e839a49b5c0b501905f1d8) Importer(815301076,1909f56bfc062723c751e8b465ee728b)  -> (artifact id: '51e60b25152457d634161de0acaad791') in 0.043508 seconds 
========================================================================
Received Import Request.
  Time since last request: 0.000333 seconds.
  path: Assets/MyAssets/Prefabs/FlagShip2.prefab
  artifactKey: Guid(6f08e24192d470647b1f5986f301d013) Importer(815301076,1909f56bfc062723c751e8b465ee728b)
Start importing Assets/MyAssets/Prefabs/FlagShip2.prefab using Guid(6f08e24192d470647b1f5986f301d013) Importer(815301076,1909f56bfc062723c751e8b465ee728b)  -> (artifact id: '1dcaf1f9f76901a4991d6571097ace0f') in 0.039812 seconds 
========================================================================
Received Import Request.
  Time since last request: 0.000201 seconds.
  path: Assets/MyAssets/Prefabs/Waypoint enemy set.prefab
  artifactKey: Guid(d49fdfd4c10a49643a27ccd751a1831e) Importer(815301076,1909f56bfc062723c751e8b465ee728b)
Start importing Assets/MyAssets/Prefabs/Waypoint enemy set.prefab using Guid(d49fdfd4c10a49643a27ccd751a1831e) Importer(815301076,1909f56bfc062723c751e8b465ee728b)  -> (artifact id: 'fdb26a588d492b920be9c7c9d04276d0') in 0.038388 seconds 
========================================================================
Received Import Request.
  Time since last request: 0.000254 seconds.
  path: Assets/MyAssets/Prefabs/Player_Ship_1.prefab
  artifactKey: Guid(35142fe05201bf7488dbec4cff9e6d12) Importer(815301076,1909f56bfc062723c751e8b465ee728b)
Start importing Assets/MyAssets/Prefabs/Player_Ship_1.prefab using Guid(35142fe05201bf7488dbec4cff9e6d12) Importer(815301076,1909f56bfc062723c751e8b465ee728b)  -> (artifact id: '9b46c9514bbb297708af169fc8a92712') in 0.042980 seconds 
========================================================================
Received Import Request.
  Time since last request: 0.000244 seconds.
  path: Assets/MyAssets/Prefabs/Worker.prefab
  artifactKey: Guid(46a3b94bdaa67744cb38120f2cf7ae2b) Importer(815301076,1909f56bfc062723c751e8b465ee728b)
Start importing Assets/MyAssets/Prefabs/Worker.prefab using Guid(46a3b94bdaa67744cb38120f2cf7ae2b) Importer(815301076,1909f56bfc062723c751e8b465ee728b)  -> (artifact id: '4a0669bf33d2a094c3e3b46f0a5e6fdd') in 0.043207 seconds 
========================================================================
Received Import Request.
  Time since last request: 0.000207 seconds.
  path: Assets/MyAssets/Prefabs/Missile.prefab
  artifactKey: Guid(6f55fc208c0b6cb49bfa7e950731a47c) Importer(815301076,1909f56bfc062723c751e8b465ee728b)
Start importing Assets/MyAssets/Prefabs/Missile.prefab using Guid(6f55fc208c0b6cb49bfa7e950731a47c) Importer(815301076,1909f56bfc062723c751e8b465ee728b)  -> (artifact id: '1c5df0e6e7489cb034a4a59b4fe73bd4') in 0.042170 seconds 
========================================================================
Received Import Request.
  Time since last request: 0.000418 seconds.
  path: Assets/MyAssets/Prefabs/rock01.prefab
  artifactKey: Guid(5d59c58b92b30f647bf384ab211aa744) Importer(815301076,1909f56bfc062723c751e8b465ee728b)
Start importing Assets/MyAssets/Prefabs/rock01.prefab using Guid(5d59c58b92b30f647bf384ab211aa744) Importer(815301076,1909f56bfc062723c751e8b465ee728b)  -> (artifact id: 'ddb75ea9b990a4bbbe5466037e9aef57') in 0.403507 seconds 
========================================================================
Received Import Request.
  Time since last request: 0.000221 seconds.
  path: Assets/MyAssets/Prefabs/Shipyard.prefab
  artifactKey: Guid(1a50659b055b12d4c8449ce88e03a355) Importer(815301076,1909f56bfc062723c751e8b465ee728b)
Start importing Assets/MyAssets/Prefabs/Shipyard.prefab using Guid(1a50659b055b12d4c8449ce88e03a355) Importer(815301076,1909f56bfc062723c751e8b465ee728b)  -> (artifact id: '24eef0459a11700330a438ee78af102f') in 0.069052 seconds 
========================================================================
Received Import Request.
  Time since last request: 7.468117 seconds.
  path: Assets/MyAssets/Scenes/Gameplay.unity
  artifactKey: Guid(9fc0d4010bbf28b4594072e72b8655ab) Importer(815301076,1909f56bfc062723c751e8b465ee728b)
Start importing Assets/MyAssets/Scenes/Gameplay.unity using Guid(9fc0d4010bbf28b4594072e72b8655ab) Importer(815301076,1909f56bfc062723c751e8b465ee728b)  -> (artifact id: 'e0e4f608bebaa00542fdd8f5c133ea0b') in 0.023463 seconds 
========================================================================
Received Import Request.
  Time since last request: 84.283837 seconds.
  path: Assets/MyAssets/Scenes/Gameplay
  artifactKey: Guid(18dfdd8c0adda89418f96067b050843f) Importer(815301076,1909f56bfc062723c751e8b465ee728b)
Start importing Assets/MyAssets/Scenes/Gameplay using Guid(18dfdd8c0adda89418f96067b050843f) Importer(815301076,1909f56bfc062723c751e8b465ee728b)  -> (artifact id: '0b381602681b557de5493ad6f7f4eecc') in 0.022410 seconds 
========================================================================
Received Import Request.
  Time since last request: 0.675715 seconds.
  path: Assets/MyAssets/Scenes/Gameplay/NavMesh.asset
  artifactKey: Guid(a7f73e7ecc42de249adae1e6cf90d201) Importer(815301076,1909f56bfc062723c751e8b465ee728b)
Start importing Assets/MyAssets/Scenes/Gameplay/NavMesh.asset using Guid(a7f73e7ecc42de249adae1e6cf90d201) Importer(815301076,1909f56bfc062723c751e8b465ee728b)  -> (artifact id: 'bc4891cc324c7550125a4a4e94f6e2cd') in 0.014446 seconds 
========================================================================
Received Import Request.
  Time since last request: 3.195431 seconds.
  path: Assets/MyAssets
  artifactKey: Guid(fd1316a86d5d1314eb24146851570238) Importer(815301076,1909f56bfc062723c751e8b465ee728b)
Start importing Assets/MyAssets using Guid(fd1316a86d5d1314eb24146851570238) Importer(815301076,1909f56bfc062723c751e8b465ee728b)  -> (artifact id: '25379177727879fc900be8bbc7761d5f') in 0.026388 seconds 
========================================================================
Received Import Request.
  Time since last request: 1.094092 seconds.
  path: Assets/MyAssets/Scripts
  artifactKey: Guid(ce3e1817f4baa544e839d5f492785030) Importer(815301076,1909f56bfc062723c751e8b465ee728b)
Start importing Assets/MyAssets/Scripts using Guid(ce3e1817f4baa544e839d5f492785030) Importer(815301076,1909f56bfc062723c751e8b465ee728b)  -> (artifact id: '684cd07e5621e5f5695a485f4239528e') in 0.027315 seconds 
========================================================================
Received Import Request.
  Time since last request: 67.229281 seconds.
  path: Assets/MyAssets/Scripts/Managers
  artifactKey: Guid(e4e1ab51dce85d2449e21ff6d5643847) Importer(815301076,1909f56bfc062723c751e8b465ee728b)
Start importing Assets/MyAssets/Scripts/Managers using Guid(e4e1ab51dce85d2449e21ff6d5643847) Importer(815301076,1909f56bfc062723c751e8b465ee728b)  -> (artifact id: '5a9b155aeb3ce8fce25afa36df5474cd') in 0.019515 seconds 
========================================================================
Received Import Request.
  Time since last request: 1.820836 seconds.
  path: Assets/MyAssets/Scripts/Managers/AltosManagers
  artifactKey: Guid(bbb7c03de7ca91c4385b8f66ddeeaabe) Importer(815301076,1909f56bfc062723c751e8b465ee728b)
Start importing Assets/MyAssets/Scripts/Managers/AltosManagers using Guid(bbb7c03de7ca91c4385b8f66ddeeaabe) Importer(815301076,1909f56bfc062723c751e8b465ee728b)  -> (artifact id: '7bfd8e0678cd8366865418ee770ddde5') in 0.042871 seconds 
========================================================================
Received Import Request.
  Time since last request: 17.458833 seconds.
  path: Assets/MyAssets/Scripts/Managers/AltosManagers/GameManager.cs
  artifactKey: Guid(342f16d4413b3f745915287904caa750) Importer(815301076,1909f56bfc062723c751e8b465ee728b)
Start importing Assets/MyAssets/Scripts/Managers/AltosManagers/GameManager.cs using Guid(342f16d4413b3f745915287904caa750) Importer(815301076,1909f56bfc062723c751e8b465ee728b)  -> (artifact id: 'fb72a657f7c41ff2512ef8e2baff0af4') in 0.102970 seconds 
========================================================================
Received Prepare
Registering precompiled user dll's ...
Registered in 0.004561 seconds.
Begin MonoManager ReloadAssembly
Native extension for WindowsStandalone target not found
Refreshing native plugins compatible for Editor in 0.65 ms, found 2 plugins.
Preloading 0 native plugins for Editor in 0.00 ms.
Mono: successfully reloaded assembly
- Completed reload, in  2.053 seconds
Domain Reload Profiling:
	ReloadAssembly (2054ms)
		BeginReloadAssembly (325ms)
			ExecutionOrderSort (0ms)
			DisableScriptedObjects (7ms)
			BackupInstance (0ms)
			ReleaseScriptingObjects (0ms)
			CreateAndSetChildDomain (70ms)
		EndReloadAssembly (1602ms)
			LoadAssemblies (278ms)
			RebuildTransferFunctionScriptingTraits (0ms)
			SetupTypeCache (558ms)
			ReleaseScriptCaches (1ms)
			RebuildScriptCaches (89ms)
			SetupLoadedEditorAssemblies (562ms)
				LogAssemblyErrors (0ms)
				InitializePlatformSupportModulesInManaged (8ms)
				SetLoadedEditorAssemblies (1ms)
				RefreshPlugins (1ms)
				BeforeProcessingInitializeOnLoad (137ms)
				ProcessInitializeOnLoadAttributes (385ms)
				ProcessInitializeOnLoadMethodAttributes (17ms)
				AfterProcessingInitializeOnLoad (13ms)
				EditorAssembliesLoaded (0ms)
			ExecutionOrderSort2 (0ms)
			AwakeInstancesAfterBackupRestoration (12ms)
Platform modules already initialized, skipping
Refreshing native plugins compatible for Editor in 0.65 ms, found 2 plugins.
Preloading 0 native plugins for Editor in 0.00 ms.
Unloading 1519 Unused Serialized files (Serialized files now loaded: 0)
System memory in use before: 73.7 MB.
System memory in use after: 73.8 MB.

Unloading 12 unused Assets to reduce memory usage. Loaded Objects now: 2012.
Total: 4.394900 ms (FindLiveObjects: 0.362100 ms CreateObjectMapping: 0.056700 ms MarkObjects: 3.937900 ms  DeleteObjects: 0.036400 ms)

AssetImportParameters requested are different than current active one (requested -> active):
  custom:framework-win-MediaFoundation: 216162199b28c13a410421893ffa2e32 -> 
  custom:video-decoder-ogg-theora: a1e56fd34408186e4bbccfd4996cb3dc -> 
  custom:container-muxer-webm: aa71ff27fc2769a1b78a27578f13a17b -> 
  custom:container-demuxer-webm: 4f35f7cbe854078d1ac9338744f61a02 -> 
  custom:container-demuxer-ogg: 62fdf1f143b41e24485cea50d1cbac27 -> 
  custom:video-encoder-webm-vp8: eb34c28f22e8b96e1ab97ce403110664 -> 
  custom:video-decoder-webm-vp8: 9c59270c3fd7afecdb556c50c9e8de78 -> 
  custom:audio-decoder-ogg-vorbis: bf7c407c2cedff20999df2af8eb42d56 -> 
  custom:audio-encoder-webm-vorbis: bf7c407c2cedff20999df2af8eb42d56 -> 
========================================================================
Received Prepare
Registering precompiled user dll's ...
Registered in 0.007479 seconds.
Begin MonoManager ReloadAssembly
Native extension for WindowsStandalone target not found
Refreshing native plugins compatible for Editor in 0.47 ms, found 2 plugins.
Preloading 0 native plugins for Editor in 0.00 ms.
Mono: successfully reloaded assembly
- Completed reload, in  2.031 seconds
Domain Reload Profiling:
	ReloadAssembly (2032ms)
		BeginReloadAssembly (190ms)
			ExecutionOrderSort (0ms)
			DisableScriptedObjects (8ms)
			BackupInstance (0ms)
			ReleaseScriptingObjects (0ms)
			CreateAndSetChildDomain (50ms)
		EndReloadAssembly (1726ms)
			LoadAssemblies (164ms)
			RebuildTransferFunctionScriptingTraits (0ms)
			SetupTypeCache (495ms)
			ReleaseScriptCaches (1ms)
			RebuildScriptCaches (66ms)
			SetupLoadedEditorAssemblies (840ms)
				LogAssemblyErrors (0ms)
				InitializePlatformSupportModulesInManaged (8ms)
				SetLoadedEditorAssemblies (1ms)
				RefreshPlugins (1ms)
				BeforeProcessingInitializeOnLoad (133ms)
				ProcessInitializeOnLoadAttributes (643ms)
				ProcessInitializeOnLoadMethodAttributes (34ms)
				AfterProcessingInitializeOnLoad (20ms)
				EditorAssembliesLoaded (1ms)
			ExecutionOrderSort2 (0ms)
			AwakeInstancesAfterBackupRestoration (15ms)
Platform modules already initialized, skipping
Refreshing native plugins compatible for Editor in 0.46 ms, found 2 plugins.
Preloading 0 native plugins for Editor in 0.00 ms.
Unloading 1519 Unused Serialized files (Serialized files now loaded: 0)
System memory in use before: 73.7 MB.
System memory in use after: 73.8 MB.

Unloading 11 unused Assets to reduce memory usage. Loaded Objects now: 2015.
Total: 4.681900 ms (FindLiveObjects: 0.274800 ms CreateObjectMapping: 0.069600 ms MarkObjects: 4.306000 ms  DeleteObjects: 0.030000 ms)

AssetImportParameters requested are different than current active one (requested -> active):
  custom:framework-win-MediaFoundation: 216162199b28c13a410421893ffa2e32 -> 
  custom:video-decoder-ogg-theora: a1e56fd34408186e4bbccfd4996cb3dc -> 
  custom:container-muxer-webm: aa71ff27fc2769a1b78a27578f13a17b -> 
  custom:container-demuxer-webm: 4f35f7cbe854078d1ac9338744f61a02 -> 
  custom:container-demuxer-ogg: 62fdf1f143b41e24485cea50d1cbac27 -> 
  custom:video-encoder-webm-vp8: eb34c28f22e8b96e1ab97ce403110664 -> 
  custom:video-decoder-webm-vp8: 9c59270c3fd7afecdb556c50c9e8de78 -> 
  custom:audio-decoder-ogg-vorbis: bf7c407c2cedff20999df2af8eb42d56 -> 
  custom:audio-encoder-webm-vorbis: bf7c407c2cedff20999df2af8eb42d56 -> 
========================================================================
Received Prepare
Registering precompiled user dll's ...
Registered in 0.006241 seconds.
Begin MonoManager ReloadAssembly
Native extension for WindowsStandalone target not found
Refreshing native plugins compatible for Editor in 0.57 ms, found 2 plugins.
Preloading 0 native plugins for Editor in 0.00 ms.
Mono: successfully reloaded assembly
- Completed reload, in  1.771 seconds
Domain Reload Profiling:
	ReloadAssembly (1772ms)
		BeginReloadAssembly (193ms)
			ExecutionOrderSort (0ms)
			DisableScriptedObjects (8ms)
			BackupInstance (0ms)
			ReleaseScriptingObjects (0ms)
			CreateAndSetChildDomain (49ms)
		EndReloadAssembly (1456ms)
			LoadAssemblies (171ms)
			RebuildTransferFunctionScriptingTraits (0ms)
			SetupTypeCache (476ms)
			ReleaseScriptCaches (1ms)
			RebuildScriptCaches (65ms)
			SetupLoadedEditorAssemblies (582ms)
				LogAssemblyErrors (0ms)
				InitializePlatformSupportModulesInManaged (8ms)
				SetLoadedEditorAssemblies (1ms)
				RefreshPlugins (1ms)
				BeforeProcessingInitializeOnLoad (134ms)
				ProcessInitializeOnLoadAttributes (405ms)
				ProcessInitializeOnLoadMethodAttributes (18ms)
				AfterProcessingInitializeOnLoad (15ms)
				EditorAssembliesLoaded (1ms)
			ExecutionOrderSort2 (0ms)
			AwakeInstancesAfterBackupRestoration (15ms)
Platform modules already initialized, skipping
Refreshing native plugins compatible for Editor in 0.74 ms, found 2 plugins.
Preloading 0 native plugins for Editor in 0.00 ms.
Unloading 1519 Unused Serialized files (Serialized files now loaded: 0)
System memory in use before: 73.7 MB.
System memory in use after: 73.8 MB.

Unloading 11 unused Assets to reduce memory usage. Loaded Objects now: 2018.
Total: 4.474700 ms (FindLiveObjects: 0.237900 ms CreateObjectMapping: 0.066000 ms MarkObjects: 4.132600 ms  DeleteObjects: 0.036400 ms)

AssetImportParameters requested are different than current active one (requested -> active):
  custom:framework-win-MediaFoundation: 216162199b28c13a410421893ffa2e32 -> 
  custom:video-decoder-ogg-theora: a1e56fd34408186e4bbccfd4996cb3dc -> 
  custom:container-muxer-webm: aa71ff27fc2769a1b78a27578f13a17b -> 
  custom:container-demuxer-webm: 4f35f7cbe854078d1ac9338744f61a02 -> 
  custom:container-demuxer-ogg: 62fdf1f143b41e24485cea50d1cbac27 -> 
  custom:video-encoder-webm-vp8: eb34c28f22e8b96e1ab97ce403110664 -> 
  custom:video-decoder-webm-vp8: 9c59270c3fd7afecdb556c50c9e8de78 -> 
  custom:audio-decoder-ogg-vorbis: bf7c407c2cedff20999df2af8eb42d56 -> 
  custom:audio-encoder-webm-vorbis: bf7c407c2cedff20999df2af8eb42d56 -> 
========================================================================
Received Import Request.
  Time since last request: 4426.583375 seconds.
  path: Assets/MyAssets/Scripts/Managers/BajosManagers
  artifactKey: Guid(a0610780aeb6c0147b4e3722abec26df) Importer(815301076,1909f56bfc062723c751e8b465ee728b)
Start importing Assets/MyAssets/Scripts/Managers/BajosManagers using Guid(a0610780aeb6c0147b4e3722abec26df) Importer(815301076,1909f56bfc062723c751e8b465ee728b)  -> (artifact id: '4ead531035923d55ccc69d96b2fa7d3d') in 0.029407 seconds 
========================================================================
Received Import Request.
  Time since last request: 1.354936 seconds.
  path: Assets/MyAssets/Scripts/Managers/BajosManagers/GamplayPanelsManager.cs
  artifactKey: Guid(e6f7385b375378f4dbf1279f51b799f9) Importer(815301076,1909f56bfc062723c751e8b465ee728b)
Start importing Assets/MyAssets/Scripts/Managers/BajosManagers/GamplayPanelsManager.cs using Guid(e6f7385b375378f4dbf1279f51b799f9) Importer(815301076,1909f56bfc062723c751e8b465ee728b)  -> (artifact id: 'd32076f4a33aef77209dfa885c9043eb') in 0.029248 seconds 
========================================================================
Received Import Request.
  Time since last request: 244235.036944 seconds.
  path: Assets/MyAssets/Scripts/Managers/BajosManagers/GamplayPanelsManager.cs
  artifactKey: Guid(e6f7385b375378f4dbf1279f51b799f9) Importer(815301076,1909f56bfc062723c751e8b465ee728b)
Start importing Assets/MyAssets/Scripts/Managers/BajosManagers/GamplayPanelsManager.cs using Guid(e6f7385b375378f4dbf1279f51b799f9) Importer(815301076,1909f56bfc062723c751e8b465ee728b)  -> (artifact id: '1fd827953f284378998624db831f50f7') in 0.035057 seconds 
========================================================================
Received Prepare
Registering precompiled user dll's ...
Registered in 0.008926 seconds.
Begin MonoManager ReloadAssembly
Native extension for WindowsStandalone target not found
Refreshing native plugins compatible for Editor in 1.02 ms, found 2 plugins.
Preloading 0 native plugins for Editor in 0.00 ms.
Mono: successfully reloaded assembly
- Completed reload, in  2.229 seconds
Domain Reload Profiling:
	ReloadAssembly (2231ms)
		BeginReloadAssembly (253ms)
			ExecutionOrderSort (0ms)
			DisableScriptedObjects (14ms)
			BackupInstance (0ms)
			ReleaseScriptingObjects (0ms)
			CreateAndSetChildDomain (77ms)
		EndReloadAssembly (1830ms)
			LoadAssemblies (218ms)
			RebuildTransferFunctionScriptingTraits (1ms)
			SetupTypeCache (644ms)
			ReleaseScriptCaches (2ms)
			RebuildScriptCaches (82ms)
			SetupLoadedEditorAssemblies (694ms)
				LogAssemblyErrors (0ms)
				InitializePlatformSupportModulesInManaged (11ms)
				SetLoadedEditorAssemblies (1ms)
				RefreshPlugins (1ms)
				BeforeProcessingInitializeOnLoad (173ms)
				ProcessInitializeOnLoadAttributes (464ms)
				ProcessInitializeOnLoadMethodAttributes (23ms)
				AfterProcessingInitializeOnLoad (20ms)
				EditorAssembliesLoaded (1ms)
			ExecutionOrderSort2 (0ms)
			AwakeInstancesAfterBackupRestoration (16ms)
Platform modules already initialized, skipping
Refreshing native plugins compatible for Editor in 0.88 ms, found 2 plugins.
Preloading 0 native plugins for Editor in 0.00 ms.
Unloading 1519 Unused Serialized files (Serialized files now loaded: 0)
System memory in use before: 73.7 MB.
System memory in use after: 73.8 MB.

Unloading 11 unused Assets to reduce memory usage. Loaded Objects now: 2021.
Total: 10.036100 ms (FindLiveObjects: 0.691100 ms CreateObjectMapping: 0.081900 ms MarkObjects: 9.117900 ms  DeleteObjects: 0.141800 ms)

AssetImportParameters requested are different than current active one (requested -> active):
  custom:framework-win-MediaFoundation: 216162199b28c13a410421893ffa2e32 -> 
  custom:video-decoder-ogg-theora: a1e56fd34408186e4bbccfd4996cb3dc -> 
  custom:container-muxer-webm: aa71ff27fc2769a1b78a27578f13a17b -> 
  custom:container-demuxer-webm: 4f35f7cbe854078d1ac9338744f61a02 -> 
  custom:container-demuxer-ogg: 62fdf1f143b41e24485cea50d1cbac27 -> 
  custom:video-encoder-webm-vp8: eb34c28f22e8b96e1ab97ce403110664 -> 
  custom:video-decoder-webm-vp8: 9c59270c3fd7afecdb556c50c9e8de78 -> 
  custom:audio-decoder-ogg-vorbis: bf7c407c2cedff20999df2af8eb42d56 -> 
  custom:audio-encoder-webm-vorbis: bf7c407c2cedff20999df2af8eb42d56 -> 
AssetImportWorkerClient::OnTransportError - code=2 error=End of file
